3687b16d5bafd9e44f27afa06d50d8b3;Hash not in base;./lib/CMakeLists.txt
4a4b42ec235fa8d56164f15d690ae2ed;Hash not in base;./lib/include/logger.h
5d06ac5d875506ee5c6798842e248008;Hash not in base;./lib/include/base.h
48b42477e12233d2d3728f4155ce73b6;Hash not in base;./lib/include/md5.h
d068e3a829e3084b25a8891f27b05b35;Hash not in base;./lib/include/thread_pool.h
00e1a169a5307d481c87f89b88a0fb40;Hash not in base;./lib/include/core.h
6d45af292e50d407c9e4b080bee8df50;Hash not in base;./lib/include/export.h
f8cb0b752f3729f2f10eda66a233c94a;Hash not in base;./lib/src/hasher.cpp
3203246155b30f1f1072ada26905b775;Hash not in base;./.vscode/settings.json
1d37b4998d25ca0fa70a5e35a6718b08;Hash not in base;./rebuild.sh
ca69767abce26aa793fed56822b195bd;Hash not in base;./lib/include/scanner.h
7f1413307d5d997f4ac0b8b4be0c72c2;Hash not in base;./lib/src/base.cpp
1c50ee33db45672c5e20542256945799;Hash not in base;./lib/src/core.cpp
52c1b79ec0f0dd8dd958e893cd811b16;Hash not in base;./build.cmd
ba18e649301d4b59e8a85d08076706d4;Hash not in base;./run_tests.sh
1d81677d0dd9310886095137daadb04b;Hash not in base;./build.sh
9d8fb863a694db05fb6c93e14bcaf60b;Hash not in base;./CMakeLists.txt
fb0923a921e310a7ce8f4c77f04496ef;Hash not in base;./lib/include/hasher.h
6752606b4a200979b6c0c946c477d2ec;Hash not in base;./lib/src/logger.cpp
adb118e472cd373f7e321e6c7fe8d5d8;Hash not in base;./README.md
a92b6bea4507eb5da44e989b7ca6e18b;Hash not in base;./build/_deps/googletest-subbuild/CMakeFiles/TargetDirectories.txt
7013049418da9ee5fced3f69ff98c5d2;Hash not in base;./lib/src/thread_pool.cpp
dc9697a0e802110c3d096b8d7d681809;Hash not in base;./build/_deps/googletest-subbuild/CMakeFiles/3.28.1/CMakeSystem.cmake
2071cd2b1e79ce21aae8964d99e8496d;Hash not in base;./build/_deps/googletest-subbuild/CMakeFiles/CMakeConfigureLog.yaml
c6973419f4df611e74bbe4ec18c70c37;Hash not in base;./build/_deps/googletest-subbuild/CMakeFiles/googletest-populate.dir/Labels.txt
6a1c5391c59113387e6bd4ff3828400f;Hash not in base;./build/_deps/googletest-subbuild/CMakeFiles/googletest-populate.dir/Labels.json
d41d8cd98f00b204e9800998ecf8427e;Hash not in base;./build/_deps/googletest-subbuild/CMakeFiles/googletest-populate-complete
a8da158fc5bd791f6e2e734aee35a328;Hash not in base;./build/_deps/googletest-subbuild/.ninja_log
448d8050798441c3c0911462399ba145;Hash not in base;./build/_deps/googletest-subbuild/CMakeFiles/cmake.check_cache
3b80d16dcc354dffd9c2606e3faaaed7;Hash not in base;./build/_deps/googletest-subbuild/googletest-populate-prefix/tmp/googletest-populate-cfgcmd.txt
504cd9a0a8d8f43e8d85750e4ae396aa;Hash not in base;./lib/src/md5.cpp
d41d8cd98f00b204e9800998ecf8427e;Hash not in base;./build/_deps/googletest-subbuild/googletest-populate-prefix/src/googletest-populate-stamp/verify-googletest-populate.cmake
d41d8cd98f00b204e9800998ecf8427e;Hash not in base;./build/_deps/googletest-subbuild/googletest-populate-prefix/src/googletest-populate-stamp/googletest-populate-configure
d41d8cd98f00b204e9800998ecf8427e;Hash not in base;./build/_deps/googletest-subbuild/googletest-populate-prefix/src/googletest-populate-stamp/googletest-populate-test
4fdb4f56b8442ed64e5ceb84d4dedbc9;Hash not in base;./log.log
d41d8cd98f00b204e9800998ecf8427e;Hash not in base;./build/_deps/googletest-subbuild/googletest-populate-prefix/src/googletest-populate-stamp/googletest-populate-done
d41d8cd98f00b204e9800998ecf8427e;Hash not in base;./build/_deps/googletest-subbuild/googletest-populate-prefix/src/googletest-populate-stamp/googletest-populate-patch
d41d8cd98f00b204e9800998ecf8427e;Hash not in base;./build/_deps/googletest-subbuild/googletest-populate-prefix/src/googletest-populate-stamp/googletest-populate-download
ae312e506430867345f882e4445414b1;Hash not in base;./build/_deps/googletest-subbuild/googletest-populate-prefix/src/googletest-populate-stamp/googletest-populate-urlinfo.txt
d41d8cd98f00b204e9800998ecf8427e;Hash not in base;./build/_deps/googletest-subbuild/googletest-populate-prefix/src/googletest-populate-stamp/googletest-populate-build
d41d8cd98f00b204e9800998ecf8427e;Hash not in base;./build/_deps/googletest-subbuild/googletest-populate-prefix/src/googletest-populate-stamp/googletest-populate-mkdir
9a437e851911a4bb567302c88f79be9a;Hash not in base;./build/_deps/googletest-subbuild/googletest-populate-prefix/src/googletest-populate-stamp/extract-googletest-populate.cmake
71cb48cc52f47153392f48e69429e9dd;Hash not in base;./build/_deps/googletest-subbuild/googletest-populate-prefix/src/googletest-populate-stamp/googletest-populate-update-info.txt
d41d8cd98f00b204e9800998ecf8427e;Hash not in base;./build/_deps/googletest-subbuild/googletest-populate-prefix/src/googletest-populate-stamp/googletest-populate-update
41aa8a08e8001a7844105a410d24a140;Hash not in base;./build/_deps/googletest-subbuild/googletest-populate-prefix/src/googletest-populate-stamp/googletest-populate-patch-info.txt
55ac8317444b6a8a599bbd3e2256be28;Hash not in base;./build/_deps/googletest-subbuild/CMakeLists.txt
703ef94731618590e8a8f7b429e71719;Hash not in base;./build/_deps/googletest-subbuild/googletest-populate-prefix/tmp/googletest-populate-mkdirs.cmake
0238fd2859c7098e39a0822b63acd983;Hash not in base;./build/_deps/googletest-subbuild/CMakeCache.txt
f223458d98103b078376812617168387;Hash not in base;./build/_deps/googletest-build/googlemock/CTestTestfile.cmake
cf5976e306dbb24288cfc5c931350865;Hash not in base;./build/_deps/googletest-subbuild/cmake_install.cmake
1dc8a6057b632866110b78bdf0a05860;Hash not in base;./build/_deps/googletest-subbuild/googletest-populate-prefix/src/googletest-populate-stamp/download-googletest-populate.cmake
21e9c142da114c79c4e3ade43176ecd5;Hash not in base;./build/_deps/googletest-build/CTestTestfile.cmake
40538b771686fa5465e433bd994cb0f8;Hash not in base;./build/_deps/googletest-build/googletest/generated/GTestConfig.cmake
58d1f0128f5e72b3f38a973e3417eb0d;Hash not in base;./build/_deps/googletest-build/googletest/generated/gtest_main.pc
c47564250ab1dc29422aba094b6d3229;Hash not in base;./build/_deps/googletest-build/googlemock/cmake_install.cmake
d41d8cd98f00b204e9800998ecf8427e;Hash not in base;./build/_deps/googletest-subbuild/googletest-populate-prefix/src/googletest-populate-stamp/googletest-populate-install
6f90265524ade3fb69e82d3a4590fbd3;Hash not in base;./build/_deps/googletest-build/googletest/generated/gtest.pc
94583a0d13bb003f1ff64121376eebde;Hash not in base;./build/_deps/googletest-build/googletest/generated/gmock_main.pc
596caa135056731971dd4f957593124e;Hash not in base;./build/_deps/googletest-build/googletest/generated/gmock.pc
b752a6fdba9ea841c4fc50bd40ac9428;Hash not in base;./build/_deps/googletest-build/googletest/CTestTestfile.cmake
59440979c59f05a057d739c162192622;Hash not in base;./build/_deps/googletest-subbuild/build.ninja
23832fe6f880bb5e97d9c8083b741efe;Hash not in base;./build/_deps/googletest-build/googletest/generated/GTestConfigVersion.cmake
0f14b9db8796421731b533afcc8828df;Hash not in base;./build/_deps/googletest-build/googletest/CMakeFiles/Export/0c08b8e77dd885bfe55a19a9659d9fc1/GTestTargets-noconfig.cmake
2e1bb5f16d7285502e2bf3115cf6bd9c;Hash not in base;./build/_deps/googletest-subbuild/CMakeFiles/rules.ninja
dfb3e43ffe803ac51bd0c0409f2485e9;Hash not in base;./build/_deps/googletest-build/cmake_install.cmake
cb53f5b96882fe4419166fd342580a55;Hash not in base;./build/_deps/googletest-build/googletest/CMakeFiles/Export/0c08b8e77dd885bfe55a19a9659d9fc1/GTestTargets.cmake
ffa3baa75bb660f5174533e90baf69f3;Hash not in base;./build/_deps/googletest-build/googletest/cmake_install.cmake
e80819742532c44694a0a0e8912e8252;Hash not in base;./build/_deps/googletest-src/.github/ISSUE_TEMPLATE/00-bug_report.yml
d27d03b045dea29e6054427bb1bf0669;Hash not in base;./build/_deps/googletest-src/.github/ISSUE_TEMPLATE/config.yml
6d25e1e74c82f1d6faf5625bcbe789a0;Hash not in base;./build/_deps/googletest-src/.github/ISSUE_TEMPLATE/10-feature_request.yml
b930fd3809027f9d7aa58cf4728a99e6;Hash not in base;./build/_deps/googletest-src/CONTRIBUTORS
fa29d862766d54d7a03e2e883ac80286;Hash not in base;./build/_deps/googletest-src/ci/windows-presubmit.bat
4ccbb65e27a294002b17c82db921e8bf;Hash not in base;./build/_deps/googletest-build/googlemock/CMakeFiles/gmock_main.dir/src/gmock_main.cc.o
0b53b1830776c0435b6f0239661db66e;Hash not in base;./build/_deps/googletest-build/googletest/CMakeFiles/gtest_main.dir/src/gtest_main.cc.o
fccd35a2f26600fe73524061c191d385;Hash not in base;./build/_deps/googletest-src/WORKSPACE
d8f96def428cc9d78b3c1cae16180d05;Hash not in base;./build/_deps/googletest-src/googlemock/cmake/gmock.pc.in
8013fd2617fb5e6df309c4ae854475ab;Hash not in base;./build/_deps/googletest-src/googlemock/cmake/gmock_main.pc.in
1be84165947f97d8174e937624324162;Hash not in base;./build/_deps/googletest-src/ci/macos-presubmit.sh
0633d098badbe2b1a8c84da458278c9c;Hash not in base;./build/_deps/googletest-src/googlemock/docs/README.md
39562b08403ae369eaf697a787774dd0;Hash not in base;./build/_deps/googletest-src/googlemock/README.md
e61f96745cb6187e22fffde56ecb059c;Hash not in base;./build/_deps/googletest-src/ci/linux-presubmit.sh
8727c333136ae73597a291489566bba2;Hash not in base;./build/_deps/googletest-src/googlemock/test/gmock-port_test.cc
2c4ad0d05b66ca909d50cae5e270a7b7;Hash not in base;./build/_deps/googletest-src/BUILD.bazel
a91e5e22b6762761da830a6c5ed629c3;Hash not in base;./build/_deps/googletest-src/googlemock/test/gmock-matchers_test.h
0de85631098d76cb9b9eb1c232249692;Hash not in base;./build/_deps/googletest-src/.github/workflows/gtest-ci.yml
87d58a42380b9e4136367dd2ae5791ca;Hash not in base;./build/_deps/googletest-src/googlemock/test/gmock_all_test.cc
6df205ddacd04dce67872787c26ecd85;Hash not in base;./build/_deps/googletest-src/googlemock/test/BUILD.bazel
6c6fac36c3532c34a4cf6933aa6178ac;Hash not in base;./build/_deps/googletest-src/googlemock/test/gmock_link_test.h
b9aecc4714d47535060efa9cacc5df6d;Hash not in base;./build/_deps/googletest-src/googlemock/test/gmock_link2_test.cc
ed9df16dd728827fe0f48a6db7342871;Hash not in base;./build/_deps/googletest-src/googlemock/test/gmock-more-actions_test.cc
e80c307e1c420123438d657ccf7c6f9f;Hash not in base;./build/_deps/googletest-src/googlemock/test/gmock-pp_test.cc
93aa43153b496dc012718fc2db28639d;Hash not in base;./build/_deps/googletest-src/googlemock/test/gmock-matchers-arithmetic_test.cc
5fe4c801bac130b1be105ad57da2e1a1;Hash not in base;./build/_deps/googletest-src/googlemock/test/gmock-function-mocker_test.cc
2b284325f2485fccd656fb418225a585;Hash not in base;./build/_deps/googletest-src/googlemock/test/gmock_output_test.py
c8645c1987b8096c6ad51836b53163a1;Hash not in base;./build/_deps/googletest-src/googlemock/test/gmock-actions_test.cc
c499552cd9b7f04b347c916603368352;Hash not in base;./build/_deps/googletest-src/googlemock/test/gmock-internal-utils_test.cc
f51fe266b8b6a516d6a7f05efb91403e;Hash not in base;./build/_deps/googletest-src/googlemock/test/gmock-pp-string_test.cc
6b3401415a56e0e9e48c5e66248a8779;Hash not in base;./build/_deps/googletest-src/googlemock/test/gmock_ex_test.cc
4823247bf17721a870f3e4a0f6a12491;Hash not in base;./build/_deps/googletest-src/googlemock/test/gmock-cardinalities_test.cc
51ae1d6f2cc9e9fe6e6ba7b6cb8d88d2;Hash not in base;./build/_deps/googletest-src/googlemock/test/gmock_output_test_.cc
7261c6fbeb9dfa06309250693aa57455;Hash not in base;./build/_deps/googletest-src/googlemock/test/gmock_stress_test.cc
62b54ebacbfd73f745bb604706eb9d0b;Hash not in base;./build/_deps/googletest-src/googlemock/test/gmock_leak_test.py
6aafe1b7c9bf2594b72e8f2730e47997;Hash not in base;./build/_deps/googletest-src/googlemock/test/gmock_output_test_golden.txt
92b5d975d2fc6a299cc16f39793a02c0;Hash not in base;./build/_deps/googletest-src/googlemock/test/gmock_test_utils.py
d50511975adf5221f90a2f3fc2b7d676;Hash not in base;./build/_deps/googletest-src/googlemock/test/gmock-matchers-comparisons_test.cc
b70fb5aa872829c79f0b5c665f7213a7;Hash not in base;./build/_deps/googletest-src/googlemock/test/gmock_leak_test_.cc
20756d523fa6f9e41c1586b7bccd6098;Hash not in base;./build/_deps/googletest-src/googlemock/test/gmock_test.cc
9e2ed2d9449acf9219b54ab6bfa0989d;Hash not in base;./build/_deps/googletest-src/googlemock/test/gmock_link_test.cc
2d032090c3ae5dc3b45fe2e93d77645b;Hash not in base;./build/_deps/googletest-src/googlemock/CMakeLists.txt
a650897ff8bf12248ab1689a1d5c6087;Hash not in base;./build/_deps/googletest-src/googlemock/test/gmock-nice-strict_test.cc
8cb325743e035b962c0148a7282f1798;Hash not in base;./build/_deps/googletest-src/googlemock/include/gmock/gmock-nice-strict.h
a6daf79c719daae68b75aec0a3095475;Hash not in base;./build/_deps/googletest-src/googlemock/include/gmock/gmock-cardinalities.h
26a034babd2d288ea276f72194862cc6;Hash not in base;./build/_deps/googletest-src/googlemock/include/gmock/gmock.h
f223726ff7971a2ab8cf52340bec82a2;Hash not in base;./build/_deps/googletest-src/googlemock/include/gmock/gmock-more-matchers.h
eb119830a848272aec1ce13294c100f4;Hash not in base;./build/_deps/googletest-src/googlemock/include/gmock/gmock-more-actions.h
69c5d3df1c080ce15b383623f50aab1f;Hash not in base;./build/_deps/googletest-src/googlemock/test/gmock-spec-builders_test.cc
f578bd612e0b01b1a5cbef8ef3f16dc0;Hash not in base;./build/_deps/googletest-src/googlemock/include/gmock/internal/custom/gmock-generated-actions.h
86990b7f4996b3326ba538be819ff72b;Hash not in base;./build/_deps/googletest-src/googlemock/include/gmock/internal/custom/README.md
35dec60db517da21670cdac198432340;Hash not in base;./build/_deps/googletest-src/googlemock/include/gmock/internal/custom/gmock-matchers.h
4faeed749e7a5db422aa5e68c8900dab;Hash not in base;./build/_deps/googletest-src/googlemock/include/gmock/internal/gmock-port.h
9574b19fe3ee427b9f6e15bad35bb808;Hash not in base;./build/_deps/googletest-src/googlemock/include/gmock/internal/custom/gmock-port.h
6158d969cff560e059f3e910a8f88bf0;Hash not in base;./build/_deps/googletest-src/googlemock/include/gmock/internal/gmock-pp.h
74bb741581c7fe2f296df80e3de97030;Hash not in base;./build/_deps/googletest-src/googlemock/include/gmock/internal/gmock-internal-utils.h
877b2b8b7d199c9101193b0a1af99139;Hash not in base;./build/_deps/googletest-src/googlemock/test/gmock-matchers-misc_test.cc
707600aee95b055e2532e408c8805b37;Hash not in base;./build/_deps/googletest-src/googlemock/test/gmock-matchers-containers_test.cc
24cf321ca800ba01ddd223f8f5a81819;Hash not in base;./build/_deps/googletest-src/googlemock/src/gmock-cardinalities.cc
b8ee9307baa582bd383b67e5eb9e81fb;Hash not in base;./build/_deps/googletest-src/googlemock/include/gmock/gmock-spec-builders.h
9cc872299c2ffb1007c32caa001f2591;Hash not in base;./build/_deps/googletest-src/googlemock/include/gmock/gmock-function-mocker.h
5856d82da00232f3fe8c9287c4f30e67;Hash not in base;./build/_deps/googletest-src/googlemock/src/gmock-all.cc
27ba09bf73f523a634faa66f92affb5a;Hash not in base;./build/_deps/googletest-src/googlemock/include/gmock/gmock-actions.h
a7dcbdbac99e1f295352c546cbf2a4bc;Hash not in base;./build/_deps/googletest-src/googlemock/src/gmock_main.cc
962fdecd6328d8a81ad39c4f13e9c3d3;Hash not in base;./build/_deps/googletest-src/googlemock/src/gmock-internal-utils.cc
39f61e17c3ced9554f707cef18ba2e12;Hash not in base;./build/_deps/googletest-src/googlemock/src/gmock-matchers.cc
b6fab8f166d3595625b3aa0c8d979f2e;Hash not in base;./build/_deps/googletest-src/README.md
c5c573764c40185240eee90fd101479f;Hash not in base;./build/_deps/googletest-src/googlemock/src/gmock-spec-builders.cc
e54465c7eb42618c5e1c3a02df293b16;Hash not in base;./build/_deps/googletest-src/docs/community_created_documentation.md
07e50487115d758c54ff3d87fd2decbe;Hash not in base;./build/_deps/googletest-src/docs/samples.md
7f6542422671fd2f5330194605fefd5e;Hash not in base;./build/_deps/googletest-src/docs/index.md
a1d53ed3029755a927a4c075231407c8;Hash not in base;./build/_deps/googletest-src/docs/_data/navigation.yml
d30f3af2edd1bd17fb5c76f66aa859f0;Hash not in base;./build/_deps/googletest-src/googlemock/src/gmock.cc
ef40af268638385ce595a9e21bd36342;Hash not in base;./build/_deps/googletest-src/docs/_layouts/default.html
dba43178cbf240a8147be111f8ffd762;Hash not in base;./build/_deps/googletest-src/docs/pkgconfig.md
7934c03620e0ef8583c37671e2c4c3f5;Hash not in base;./build/_deps/googletest-src/docs/quickstart-cmake.md
e00545966791e8fb3fba8988b93c0e3b;Hash not in base;./build/_deps/googletest-src/docs/faq.md
6ef96e80e2047d05b9d1de32f9b27d09;Hash not in base;./build/_deps/googletest-src/docs/_config.yml
9185ffa13ef3e4768f88bc788b12cc5a;Hash not in base;./build/_deps/googletest-src/docs/quickstart-bazel.md
7166935d1c6d34741567ecfb8712b700;Hash not in base;./build/_deps/googletest-src/docs/gmock_faq.md
0ab12b64cd6b8e8f537222e9fb1fd80e;Hash not in base;./build/_deps/googletest-src/docs/gmock_cheat_sheet.md
9ac0593f35e4796360557a434f14bdeb;Hash not in base;./build/_deps/googletest-src/docs/platforms.md
05ab71b0ddcf92077327ff018938ef6c;Hash not in base;./build/_deps/googletest-src/docs/_sass/main.scss
2c2917bc141bb001ebe4894a032ff1d7;Hash not in base;./build/_deps/googletest-src/googlemock/include/gmock/gmock-matchers.h
e782172a75b547a57d28049a206e89e3;Hash not in base;./build/_deps/googletest-src/docs/reference/matchers.md
50b25dd55e9fee065d5358f0b6e6d62e;Hash not in base;./build/_deps/googletest-src/docs/reference/mocking.md
a2d9667768c382d866df5528e9e9a070;Hash not in base;./build/_deps/googletest-src/docs/reference/actions.md
93e1139f7f75deb5f1189e6c5c90eb02;Hash not in base;./build/_deps/googletest-src/docs/assets/css/style.scss
60c58b7e3476c8877b457afa78277d0e;Hash not in base;./build/_deps/googletest-src/docs/reference/testing.md
57bf33ba3436d36dd97461f652330597;Hash not in base;./build/_deps/googletest-src/docs/reference/assertions.md
6d4c41af2f1b7b718adcf9172b391774;Hash not in base;./build/_deps/googletest-src/googletest/cmake/gtest.pc.in
7642ad620e49250fab28d4881529a277;Hash not in base;./build/_deps/googletest-src/docs/primer.md
7dea4882b33dfa70b5cf3d0605fdca86;Hash not in base;./build/_deps/googletest-src/googletest/cmake/Config.cmake.in
d9b0470e7395df57ceba126d8290422f;Hash not in base;./build/_deps/googletest-src/googletest/cmake/libgtest.la.in
aea93c597c1ed2c5061304176bebda91;Hash not in base;./build/_deps/googletest-src/googletest/cmake/gtest_main.pc.in
29b5330c08ec645d8985cc0b7a5325be;Hash not in base;./build/_deps/googletest-src/googletest/samples/sample1.cc
16efd1d9cf1fd9ff97dfa7f52ff6bf81;Hash not in base;./build/_deps/googletest-src/googletest/samples/sample2.cc
923a4610daa61b5700fa31df4dbf044f;Hash not in base;./build/_deps/googletest-src/googletest/samples/sample4.cc
18fad6e3d30d1e34b5fd4c1f50bd7203;Hash not in base;./build/_deps/googletest-src/docs/advanced.md
ef17df3246ae924f86c8a32197a410d8;Hash not in base;./build/_deps/googletest-src/googletest/samples/sample2.h
6c9449c45dd8744f4c3b0be3b00f9550;Hash not in base;./build/_deps/googletest-src/docs/gmock_for_dummies.md
a5c1f345c55e82c52f26eedb729a1c16;Hash not in base;./build/_deps/googletest-src/googletest/samples/sample2_unittest.cc
45e0ccd6c69b62649992d71509e0b2dd;Hash not in base;./build/_deps/googletest-src/googletest/samples/sample9_unittest.cc
11a7fd50c797555296925dadcfa2fad4;Hash not in base;./build/_deps/googletest-src/googletest/samples/sample6_unittest.cc
cb3bb123fc0b3381a3401d66d99d67a1;Hash not in base;./build/_deps/googletest-src/googletest/samples/sample7_unittest.cc
492f2d67a16edebf70813a682f46c0c6;Hash not in base;./build/_deps/googletest-src/googletest/samples/sample3_unittest.cc
af8555369feacad5f7b80f466eb1c784;Hash not in base;./build/_deps/googletest-src/googletest/samples/sample8_unittest.cc
58dddc97eda2dd47c332734549062d4e;Hash not in base;./build/_deps/googletest-src/googletest/samples/sample1.h
55c453eaca1aa7aedb1ba58d025f5b56;Hash not in base;./build/_deps/googletest-src/googletest/samples/sample4.h
5351ad281c2b0cb8929297c246857182;Hash not in base;./build/_deps/googletest-src/googletest/samples/sample10_unittest.cc
13446547db74eb8ac65aeb66f7c81aef;Hash not in base;./build/_deps/googletest-src/googletest/samples/prime_tables.h
c150cfec3c0cc0b7ec0917cdda670e82;Hash not in base;./build/_deps/googletest-src/googletest/samples/sample5_unittest.cc
2926654424767e157886e199167d9c9e;Hash not in base;./build/_deps/googletest-src/googletest/samples/sample4_unittest.cc
6e262527ebf716a83e40c3a76d98b385;Hash not in base;./build/_deps/googletest-src/googletest/samples/sample1_unittest.cc
0633d098badbe2b1a8c84da458278c9c;Hash not in base;./build/_deps/googletest-src/googletest/docs/README.md
a55e3ea9995046cd4fb3ef168d324358;Hash not in base;./build/_deps/googletest-src/googletest/samples/sample3-inl.h
9f7242fe68820446ca9f0952d9c5406a;Hash not in base;./build/_deps/googletest-src/googletest/test/production.cc
8b35e4209b0dd26e9f82ba278523f7ad;Hash not in base;./build/_deps/googletest-src/docs/gmock_cook_book.md
2d7d9c19cf8546b1efc9a3f5721834e7;Hash not in base;./build/_deps/googletest-src/googletest/test/gtest_skip_check_output_test.py
b149195693628fb831f44437428cd9c2;Hash not in base;./build/_deps/googletest-src/googletest/test/gtest_list_output_unittest_.cc
0b02ccd25e540a1514e7fc556e753e2c;Hash not in base;./build/_deps/googletest-src/googletest/README.md
9257389727da5b85889afe2bdb3fbee0;Hash not in base;./build/_deps/googletest-src/googletest/test/googletest-param-test-invalid-name2-test_.cc
ad46a098fe2e27836ea8b268dcf9df55;Hash not in base;./build/_deps/googletest-src/googletest/cmake/internal_utils.cmake
f8114b4aae70433036be8e3cec6aca9d;Hash not in base;./build/_deps/googletest-src/googletest/test/googletest-break-on-failure-unittest_.cc
08ce16274bba030c73383877e09e6432;Hash not in base;./build/_deps/googletest-src/googletest/test/googletest-param-test-test.h
d7789078a3b52ce2cf168621dcde449a;Hash not in base;./build/_deps/googletest-src/googletest/test/gtest_premature_exit_test.cc
d30901c862c2bfc9b7b0865499ec2515;Hash not in base;./build/_deps/googletest-src/googletest/test/BUILD.bazel
e766278f3583e3a4951f647770fd80fb;Hash not in base;./build/_deps/googletest-src/googletest/test/gtest_testbridge_test.py
e2ca9367437a194746a058b53407cea1;Hash not in base;./build/_deps/googletest-src/googletest/test/gtest_environment_test.cc
50ea7b42ac63fc5bd36a328fca01b4fa;Hash not in base;./build/_deps/googletest-src/googletest/test/gtest_xml_outfiles_test.py
323cda9b2f94ef5d6b30a06ff00099ca;Hash not in base;./build/_deps/googletest-src/googletest/test/googletest-death-test_ex_test.cc
430954469b09a452e86bf571d6b04ea6;Hash not in base;./build/_deps/googletest-src/googletest/test/googletest-global-environment-unittest_.cc
3866d1487cbc9d65e7847a1dd183e92e;Hash not in base;./build/_deps/googletest-src/googletest/test/googletest-json-outfiles-test.py
d24b2cd2a99f787248c6ee4ff0619ed4;Hash not in base;./build/_deps/googletest-src/googletest/test/gtest_xml_outfile1_test_.cc
99a926afae70658127f13d40f0d25ccb;Hash not in base;./build/_deps/googletest-src/googletest/test/googletest-failfast-unittest.py
1b0c8c31e7fdf2e00d61d52a8f2cb34a;Hash not in base;./build/_deps/googletest-src/googletest/test/googletest-env-var-test.py
11d3350c15b60a57314f96e980af12da;Hash not in base;./build/_deps/googletest-src/googletest/test/googletest-env-var-test_.cc
85f9d5fb9bae84c0e41c4416a5649876;Hash not in base;./build/_deps/googletest-src/googletest/test/gtest_main_unittest.cc
7ea834dcc73b989ea9e66643bb33bafa;Hash not in base;./build/_deps/googletest-src/googletest/test/googletest-output-test.py
8a242ea05c7a88876998358ecb4577b1;Hash not in base;./build/_deps/googletest-src/googletest/test/gtest_xml_output_unittest.py
6c8eec78c20cf0c1d456fd1eabfaac57;Hash not in base;./build/_deps/googletest-src/googletest/test/googletest-throw-on-failure-test.py
f0aee2908beeb3d5e18cf0585b770843;Hash not in base;./build/_deps/googletest-src/googletest/test/googletest-death-test-test.cc
3bc6e7c2417a5fe7d1527603e1a5ffc8;Hash not in base;./build/_deps/googletest-src/googletest/test/gtest-typed-test_test.h
4e9856d448784fadf9ed21c4c51176e2;Hash not in base;./build/_deps/googletest-src/googletest/test/googletest-param-test-test.cc
8960dd83e47e72621c8a0207c588c860;Hash not in base;./build/_deps/googletest-src/googletest/test/googletest-list-tests-unittest_.cc
7aaa66e1ebb798a11bb71d3f9778cc50;Hash not in base;./build/_deps/googletest-src/googletest/test/gtest-unittest-api_test.cc
dc1fa9110768416fd475580859548a39;Hash not in base;./build/_deps/googletest-src/googletest/test/googletest-uninitialized-test_.cc
bdc84faece5fd4f8bde1630f3556e81a;Hash not in base;./build/_deps/googletest-src/googletest/test/gtest_prod_test.cc
34554159bcbb478f08faaeab7139bb40;Hash not in base;./build/_deps/googletest-src/googletest/test/googletest-global-environment-unittest.py
b73b30b2bed41dcc66e3a548f0056371;Hash not in base;./build/_deps/googletest-src/googletest/test/gtest_skip_in_environment_setup_test.cc
889e9b9f4d14a3e0592bd50851877657;Hash not in base;./build/_deps/googletest-src/googletest/test/gtest_dirs_test.cc
cede8187de1752f56ce688ff9702e819;Hash not in base;./build/_deps/googletest-src/googletest/test/googletest-listener-test.cc
7f2d289fbaf55f8256a7229e344b4bb7;Hash not in base;./build/_deps/googletest-src/googletest/test/gtest_json_test_utils.py
294be7316594b8e8d693aa65a4ccee73;Hash not in base;./build/_deps/googletest-src/googletest/test/googletest-catch-exceptions-test.py
bf07ce1e2868063196539982517b7ed7;Hash not in base;./build/_deps/googletest-src/googletest/test/production.h
3cb4a951af0e5adf66d21e6e25067a2e;Hash not in base;./build/_deps/googletest-src/googletest/test/googletest-printers-test.cc
6aa3347899d53d79f2999142a8fdea05;Hash not in base;./build/_deps/googletest-src/googletest/test/googletest-throw-on-failure-test_.cc
0cd46a032202abb2d10b5ba44f693a9d;Hash not in base;./build/_deps/googletest-src/googletest/test/gtest_list_output_unittest.py
129b4c2a968e91012a1313c796456b07;Hash not in base;./build/_deps/googletest-src/googletest/test/googletest-param-test-invalid-name2-test.py
e03ab7caa42eb8a6b53d3cbed67818c1;Hash not in base;./build/_deps/googletest-src/googletest/test/gtest_pred_impl_unittest.cc
2432089877e142fad1df38787ee10acb;Hash not in base;./build/_deps/googletest-src/googletest/test/googletest-param-test-invalid-name1-test.py
312360ca34db7134091a732cb27fae17;Hash not in base;./build/_deps/googletest-src/googletest/test/googletest-color-test_.cc
235f2e3323b2915e3f9a11fe18a1e403;Hash not in base;./build/_deps/googletest-src/googletest/test/googletest-list-tests-unittest.py
1d44cec6d12adee2443ed10f85dbe5cb;Hash not in base;./build/_deps/googletest-src/googletest/test/googletest-test-part-test.cc
65ea65f3cda9782283c954c575eca1ca;Hash not in base;./build/_deps/googletest-src/googletest/test/gtest_xml_outfile2_test_.cc
6c40fa6d2f35f4f1c0cf58c5893af045;Hash not in base;./build/_deps/googletest-src/googletest/test/googletest-setuptestsuite-test.py
6aed1841c7f796b10d42b77d8d668d25;Hash not in base;./build/_deps/googletest-src/googletest/test/googletest-setuptestsuite-test_.cc
ad14a386bfff02298378c02b33e7e420;Hash not in base;./build/_deps/googletest-src/googletest/test/googletest-color-test.py
ba5e9e4c6274358946c1e613d68edbf9;Hash not in base;./build/_deps/googletest-src/googletest/test/gtest_all_test.cc
3c3d77460b5526f8f09fefc06f190673;Hash not in base;./build/_deps/googletest-build/googlemock/CMakeFiles/gmock.dir/src/gmock-all.cc.o
22a09fdb5eddec13824f53be79a5673e;Hash not in base;./build/_deps/googletest-src/googletest/test/gtest_no_test_unittest.cc
780c3e2e291842af41db07bdfdeca8c4;Hash not in base;./build/_deps/googletest-src/googletest/test/googletest-json-output-unittest.py
1be4fbfeb462c5d787c21ca66c06543c;Hash not in base;./build/_deps/googletest-src/googletest/test/googletest-filter-unittest_.cc
45cb69c00766b6b1fd8bb3d0d7eef894;Hash not in base;./build/_deps/googletest-src/googletest/test/gtest_testbridge_test_.cc
f9648d73f3808493ceb4cda61821a3ef;Hash not in base;./build/_deps/googletest-src/googletest/test/googletest-uninitialized-test.py
40d4ed63d45294f05bee7a19059e03d4;Hash not in base;./build/_deps/googletest-src/googletest/test/googletest-param-test2-test.cc
b40b10d44b556fbd2548b131e8cf47b8;Hash not in base;./build/_deps/googletest-src/googletest/test/gtest_sole_header_test.cc
3c7a2924983437350a75f09dabed57a9;Hash not in base;./build/_deps/googletest-src/googletest/test/gtest_skip_test.cc
a77ec07adabd802ae00f0dd306ed3c9f;Hash not in base;./build/_deps/googletest-src/googletest/test/gtest_assert_by_exception_test.cc
93bf65ec0752fa5fd37d67cda097ed78;Hash not in base;./build/_deps/googletest-src/googletest/test/gtest_help_test_.cc
0be11342db9d9b020eff54f7c8503939;Hash not in base;./build/_deps/googletest-src/googletest/test/googletest-break-on-failure-unittest.py
f64e3353e812909908e1a633882892e6;Hash not in base;./build/_deps/googletest-src/googletest/test/googletest-options-test.cc
13ec148d58d36c7d6535281792b0e55f;Hash not in base;./build/_deps/googletest-src/googletest/test/googletest-param-test-invalid-name1-test_.cc
6bb27feb1bc9a5636ff12035d653403f;Hash not in base;./build/_deps/googletest-src/googletest/test/gtest_xml_test_utils.py
d78431c6a193942098dca201662b91a7;Hash not in base;./build/_deps/googletest-src/googletest/test/gtest_test_utils.py
f0eb8953c430b8a5735e560909d26511;Hash not in base;./build/_deps/googletest-src/googletest/test/gtest-typed-test_test.cc
feaab3b5bffbcbe84539ed32fd44dc4f;Hash not in base;./build/_deps/googletest-src/googletest/test/googletest-filepath-test.cc
5c7fe35dd3bd86811f25579ba7d34660;Hash not in base;./build/_deps/googletest-src/googletest/test/gtest-typed-test2_test.cc
4f60976be8e81fb604ac815ac827d896;Hash not in base;./build/_deps/googletest-src/googletest/test/gtest_throw_on_failure_ex_test.cc
e4a9281466d8da9efdab850eef8fa4f2;Hash not in base;./build/_deps/googletest-src/googletest/test/gtest_test_macro_stack_footprint_test.cc
92215b21fd466c4a5cd1489fd5e8e640;Hash not in base;./build/_deps/googletest-src/googletest/test/googletest-catch-exceptions-test_.cc
819638fc7b6ea8c3ed32c53d49f75f79;Hash not in base;./build/_deps/googletest-src/googletest/test/googletest-shuffle-test.py
d953cd5f080c35cff65ef62a9bc74362;Hash not in base;./build/_deps/googletest-src/googletest/test/googletest-message-test.cc
a1caf47b36f69d3d78ba0b2c425a9fa6;Hash not in base;./build/_deps/googletest-src/googletest/test/googletest-output-test-golden-lin.txt
829b034d5d8def80eea9ce6afa7b4999;Hash not in base;./build/_deps/googletest-src/googletest/test/googletest-port-test.cc
134a5b5052a1b545ee04d8c2244836cc;Hash not in base;./build/_deps/googletest-src/googletest/test/gtest_xml_output_unittest_.cc
5cda7aa9cf45aebdab980fbcbbb11cda;Hash not in base;./build/_deps/googletest-src/googletest/test/googletest-filter-unittest.py
12353787055816538209c73c1b69fe6d;Hash not in base;./build/_deps/googletest-src/googletest/test/googletest-failfast-unittest_.cc
9304e90850a88e783e9b4e703fd54e49;Hash not in base;./build/_deps/googletest-src/googletest/test/gtest_stress_test.cc
aeb1ce41f7a00f3a3705436817ab264f;Hash not in base;./build/_deps/googletest-src/googletest/test/gtest_skip_environment_check_output_test.py
e51f46a4a1d4094ed49cf3a59eb883bc;Hash not in base;./build/_deps/googletest-src/googletest/test/googletest-shuffle-test_.cc
fc98bec80844f8aea07daf0af8f2690c;Hash not in base;./build/_deps/googletest-src/googletest/test/gtest_repeat_test.cc
ae986d828036cae8bb4579894b36e439;Hash not in base;./build/_deps/googletest-src/googletest/test/gtest_help_test.py
60f19730e62643245e21436d3dadcef7;Hash not in base;./build/_deps/googletest-src/googletest/CMakeLists.txt
840df524d60812f90fbf5db14df4be78;Hash not in base;./build/_deps/googletest-src/googletest/include/gtest/gtest-spi.h
b1a94147bd0ee416051d559001f1d03e;Hash not in base;./build/_deps/googletest-src/googletest/test/googletest-output-test_.cc
282d311607043171bee185ebca0ba912;Hash not in base;./build/_deps/googletest-src/googletest/include/gtest/internal/gtest-type-util.h
1348eb8064afae81a7618d06d0a0b903;Hash not in base;./build/_deps/googletest-src/googletest/include/gtest/gtest-matchers.h
1253b708faba78d25dde85f26f0f87a1;Hash not in base;./build/_deps/googletest-src/googletest/include/gtest/gtest-printers.h
ad59d06be12ebceb581b94511941184f;Hash not in base;./build/_deps/googletest-src/googletest/include/gtest/internal/gtest-string.h
5dc813fc51b586432d2f53b5a5785ee9;Hash not in base;./build/_deps/googletest-src/googletest/include/gtest/internal/gtest-death-test-internal.h
cf0c2732360836629f9f97cc7f2d9448;Hash not in base;./build/_deps/googletest-src/googletest/include/gtest/internal/custom/README.md
913aa4f83ce1f1bca0b3028fe6566ca1;Hash not in base;./build/_deps/googletest-src/googletest/include/gtest/internal/custom/gtest.h
5abc97297cc995829803e55ca18b7c72;Hash not in base;./build/_deps/googletest-src/googletest/include/gtest/internal/custom/gtest-port.h
9b357ca6fccc770840e323d1866ba088;Hash not in base;./build/_deps/googletest-src/googletest/include/gtest/internal/custom/gtest-printers.h
6f2bc1258b03738f764083cf76c98d60;Hash not in base;./build/_deps/googletest-src/googletest/include/gtest/gtest-death-test.h
95f0d2c924cd645ac6956e09c22575fb;Hash not in base;./build/_deps/googletest-src/googletest/include/gtest/internal/gtest-port-arch.h
4afbe087cbe42bf16c3a444fdeea23f5;Hash not in base;./build/_deps/googletest-src/googletest/include/gtest/internal/gtest-filepath.h
3e8826df5ff65a6ae6ff319f603b6079;Hash not in base;./build/_deps/googletest-src/googletest/include/gtest/internal/gtest-internal.h
2bce5aa04c37cc5e73f021176fc5a102;Hash not in base;./build/_deps/googletest-src/googletest/include/gtest/internal/gtest-param-util.h
4749c3327a7c75ce64d703ea6ce51f20;Hash not in base;./build/_deps/googletest-src/googletest/include/gtest/gtest-test-part.h
dd268d303ad6a3f51e62baaf6b2b8f96;Hash not in base;./build/_deps/googletest-src/googletest/include/gtest/gtest-message.h
39c85df808a42f6d46459bfabf33149d;Hash not in base;./build/_deps/googletest-src/googletest/include/gtest/gtest-assertion-result.h
96b3789e58ac4024392b63e97cc2f2df;Hash not in base;./build/_deps/googletest-src/googletest/include/gtest/gtest_prod.h
083c5afd68667567621ce003b56d84d1;Hash not in base;./build/_deps/googletest-src/googletest/include/gtest/internal/gtest-port.h
61d69f70f6447e21c8a5521ae8bd7829;Hash not in base;./build/_deps/googletest-src/googletest/src/gtest-matchers.cc
d530cebcd2797190ebaa518e4d0c6136;Hash not in base;./build/_deps/googletest-src/googletest/include/gtest/gtest-typed-test.h
af90d02b7b57b79a8b6d3985f9d67860;Hash not in base;./build/_deps/googletest-src/googletest/include/gtest/gtest_pred_impl.h
13785d70d23608235df95903a3296eb8;Hash not in base;./build/_deps/googletest-src/googletest/src/gtest-all.cc
74ec4bfd9b1f898d852b644a3f354e0b;Hash not in base;./build/_deps/googletest-src/googletest/src/gtest_main.cc
c05d9a7bee61286e9f395ecc0244eb84;Hash not in base;./build/_deps/googletest-src/googletest/src/gtest-assertion-result.cc
b267d67422c73917577972c19957b542;Hash not in base;./build/_deps/googletest-src/googletest/src/gtest-typed-test.cc
04f48d1fb7222f46e5a5fe8215dd817b;Hash not in base;./build/_deps/googletest-src/googletest/src/gtest-printers.cc
bb98b1f9e06fa477ab7c6e49c17d325b;Hash not in base;./build/_deps/googletest-src/googletest/src/gtest-test-part.cc
ca5e7d6a97013321fb9370aa57d5002a;Hash not in base;./build/_deps/googletest-src/googletest/include/gtest/gtest-param-test.h
3fa1576bc8f1b818a6a806f6357e63ae;Hash not in base;./build/_deps/googletest-src/googletest/src/gtest-port.cc
ce7a62b5e74829f3c7865c5a1a8039ec;Hash not in base;./build/_deps/googletest-src/googletest/src/gtest-death-test.cc
5b6c0dbe74bb7924563c7d79f4d95fe8;Hash not in base;./build/_deps/googletest-src/CMakeLists.txt
c2b8390c49ea835b6eae1159aa26fa29;Hash not in base;./build/_deps/googletest-src/.clang-format
7ddd030bf9b7823368657b5cb80bf84a;Hash not in base;./build/_deps/googletest-src/googletest/src/gtest-internal-inl.h
cbbd27594afd089daa160d3a16dd515a;Hash not in base;./build/_deps/googletest-src/LICENSE
3f7af4ef90868d22a3a8858a477e7e32;Hash not in base;./build/_deps/googletest-src/.gitignore
8abb07514fe10d1b1a109f2dc148da0f;Hash not in base;./build/_deps/googletest-src/googletest_deps.bzl
967db11790ad9d8fa0e580fa3e9d2bea;Hash not in base;./build/_deps/googletest-src/CONTRIBUTING.md
59a8a164b6a668a2f0191375f578430d;Hash not in base;./build/lib/libgtest_main.a
b4911e882c51cba34bebfb5df500a650;Hash not in base;./build/_deps/googletest-subbuild/googletest-populate-prefix/src/v1.14.0.zip
27ea7ec5b2277c8bc42101d7b3a812bb;Hash not in base;./build/lib/CTestTestfile.cmake
38a83ba9cb387c11b2af3f5b1339ef8e;Hash not in base;./build/_deps/googletest-src/googletest/src/gtest-filepath.cc
ddff5dc6db1adb3b2bdf0d5a19417f31;Hash not in base;./build/_deps/googletest-src/googletest/test/gtest_unittest.cc
a8f202aeae5827b38bd98fe78988dda9;Hash not in base;./build/lib/CMakeFiles/ScannerLib.dir/src/logger.cpp.o
d7a2532fede73ccf91cc03afb8e8af0d;Hash not in base;./build/lib/CMakeFiles/ScannerLib.dir/src/core.cpp.o
3151ba0d196e4acd7df162a7d5209f79;Hash not in base;./build/_deps/googletest-src/googletest/include/gtest/gtest.h
28d1c977858583bc7e595f659598d3bd;Hash not in base;./build/lib/CMakeFiles/ScannerLib.dir/src/hasher.cpp.o
a45784c1f4e048688a99282c79044c7d;Hash not in base;./build/lib/libgmock_main.a
ef0a26c63e79d4be7059b8d0535c0df8;Hash not in base;./build/lib/cmake_install.cmake
dcba2c7f2b224bef2a28dd3203a4b075;Hash not in base;./build/lib/CMakeFiles/ScannerLib.dir/src/md5.cpp.o
4c213c272a8421f8c493eb07d3a1590c;Hash not in base;./build/CTestTestfile.cmake
3a6981c27b9adaf35d289d04f1eeb966;Hash not in base;./build/.ninja_log
b12064e7c9ed883360c35f8546f1064a;Hash not in base;./build/lib/CMakeFiles/ScannerLib.dir/src/base.cpp.o
df6acf9845e8d682180fbb3d7bd8c78e;Hash not in base;./build/CMakeFiles/TargetDirectories.txt
baf9dbeca2d6de169776d13176935712;Hash not in base;./build/CMakeCache.txt
3c6b06d20d927068ae037bc1b73387ed;Hash not in base;./build/lib/CMakeFiles/ScannerLib.dir/src/thread_pool.cpp.o
a3d71bba6730a9a698924601f395aa99;Hash not in base;./build/CMakeFiles/3.28.1/CompilerIdCXX/a.out
f0d8e48d5e81c3a5354576ef70536b1a;Hash not in base;./build/CMakeFiles/3.28.1/CMakeDetermineCompilerABI_CXX.bin
2158f47fcbe8ab9f8af9e8d824405249;Hash not in base;./build/CMakeFiles/3.28.1/CompilerIdCXX/CMakeCXXCompilerId.cpp
6e4b0602ca4b012574cbd222c457f112;Hash not in base;./build/CMakeFiles/3.28.1/CMakeCXXCompiler.cmake
dc9697a0e802110c3d096b8d7d681809;Hash not in base;./build/CMakeFiles/3.28.1/CMakeSystem.cmake
be5d277fd31e02d243b647c7dd01ff06;Hash not in base;./build/CMakeFiles/3.28.1/CMakeCCompiler.cmake
c79675de66610e91d264ba8dab2a1b6b;Hash not in base;./build/CMakeFiles/3.28.1/CompilerIdC/a.out
1cbb78ba054c464b110c5ea797d237e2;Hash not in base;./build/CMakeFiles/3.28.1/CompilerIdC/CMakeCCompilerId.c
062ae58a59727cb933a2ae1ce1aac16c;Hash not in base;./build/CMakeFiles/rules.ninja
474ce3e3d7aed8d2d90df6ed86e3e817;Hash not in base;./build/CMakeFiles/3.28.1/CMakeDetermineCompilerABI_C.bin
448d8050798441c3c0911462399ba145;Hash not in base;./build/CMakeFiles/cmake.check_cache
d77960300917d7ecf7915a43910ece27;Hash not in base;./build/app/CTestTestfile.cmake
b9f418e2fd12325d573c172caffafd2c;Hash not in base;./build/app/cmake_install.cmake
f5de53aea20df27cbae591403732a04b;Hash not in base;./build/tests/tests[1]_include.cmake
3ed10e3be89192676315ddd6599be8d8;Hash not in base;./build/tests/CTestTestfile.cmake
0a161d6caf66c32d1ad997ba16291d50;Hash not in base;./build/build.ninja
65da6c021e6633b33ef70ab8ad82ee8a;Hash not in base;./build/CMakeFiles/CMakeConfigureLog.yaml
cd83da53ab4df51ce742c2b56a193e00;Hash not in base;./build/tests/CMakeFiles/tests.dir/md5_test.cpp.o
446625ba2f2ea88861439b318277c244;Hash not in base;./build/tests/tests[1]_tests.cmake
c113980c1df0e93b84dd32fe925ead35;Hash not in base;./build/tests/cmake_install.cmake
e1f1c5cfa1e2b05f508c34236e1b9a95;Hash not in base;./build/tests/CMakeFiles/tests.dir/hasher_test.cpp.o
40335e0cd6e71f0958c8afba1228109e;Hash not in base;./build/.ninja_deps
16b407589895b92c231be91b9641f4bc;Hash not in base;./build/tests/CMakeFiles/tests.dir/base_test.cpp.o
23cf5d93903b36a0199ebea0e1aa582d;Hash not in base;./build/bin/app
f4e7f0b129df9bac17b7201b8ff99636;Hash not in base;./build/cmake_install.cmake
c1a31e8ec4499ae4149afc7466c85862;Hash not in base;./app/main.cpp
7353fc802e3256a6e0014ec42f63b9e0;Hash not in base;./app/CMakeLists.txt
38ce465e2acb763f40e9d4381f12a170;Hash not in base;./run_tests.cmd
48feddbf1f4f1061fbf6e1ea89cb237f;Hash not in base;./tests/hasher_test.cpp
d53ae508a9f2e929fe031c2207e72826;Hash not in base;./build/_deps/googletest-src/googletest/src/gtest.cc
e4c3d36691f8d385bfb3158720ed698c;Hash not in base;./build/bin/libScannerLib.so
2f491205caf3e5eb0c76d11a04bef635;Hash not in base;./tests/data/data.txt
262e805a899576cba13fab84651edb7a;Hash not in base;./tests/data/base.csv
5ea85b4cfa47130135e8638bbd30e798;Hash not in base;./tests/CMakeLists.txt
37f814783d95a718fc4edacc670604af;Hash not in base;./tests/md5_test.cpp
a32da1122632eda38ad73acca81ba833;Hash not in base;./tests/base_test.cpp
77699f8bdefe467e3bed446b659f36d2;Hash not in base;./.gitignore
4e19b6f0fa4d14d0fc9158a4ef1376fa;Hash not in base;./.git/FETCH_HEAD
77294d6c642e2fe1db3c3c66508d96bd;Hash not in base;./.git/refs/remotes/origin/main
98b16e0b650190870f1b40bc8f4aec4e;Hash not in base;./.git/refs/remotes/origin/HEAD
77294d6c642e2fe1db3c3c66508d96bd;Hash not in base;./.git/refs/heads/main
72c49b2ac5e20ad5d2e9cf336f87d3c5;Hash not in base;./.git/packed-refs
2b5c047bdb474555e1787db32b2d2fc5;Hash not in base;./.git/hooks/prepare-commit-msg.sample
c7ab00c7784efeadad3ae9b228d4b4db;Hash not in base;./.git/hooks/push-to-checkout.sample
ea587b0fae70333bce92257152996e70;Hash not in base;./.git/hooks/fsmonitor-watchman.sample
2b7ea5cee3c49ff53d41e00785eb974c;Hash not in base;./.git/hooks/post-update.sample
579a3c1e12a1e74a98169175fb913012;Hash not in base;./.git/hooks/commit-msg.sample
39cb268e2a85d436b9eb6f47614c3cbc;Hash not in base;./.git/hooks/pre-merge-commit.sample
1bafa2b7b33e8e416336725080a3ee3e;Hash not in base;./tests/data/data.webp
305eadbbcd6f6d2567e033ad12aabbc4;Hash not in base;./.git/hooks/pre-commit.sample
ce562e08d8098926a3862fc6e7905199;Hash not in base;./.git/hooks/applypatch-msg.sample
647ae13c682f7827c22f5fc08a03674e;Hash not in base;./.git/hooks/update.sample
2ad18ec82c20af7b5926ed9cea6aeedd;Hash not in base;./.git/hooks/pre-receive.sample
054f9ffb8bfe04a599751cc757226dda;Hash not in base;./.git/hooks/pre-applypatch.sample
2c642152299a94e05ea26eae11993b13;Hash not in base;./.git/hooks/pre-push.sample
56e45f2bcbc8226d2b4200f7c46371bf;Hash not in base;./.git/hooks/pre-rebase.sample
c440c974963c755cb9adbb7131d2363b;Hash not in base;./.git/logs/refs/remotes/origin/main
af062e0bc2d81d93af3e881ab59e89fe;Hash not in base;./.git/logs/refs/remotes/origin/HEAD
418e4dba21b3243c9753d35fbb4ffe13;Hash not in base;./.git/logs/refs/heads/main
418e4dba21b3243c9753d35fbb4ffe13;Hash not in base;./.git/logs/HEAD
a0a7c3fff21f2aea3cfa1d0316dd816c;Hash not in base;./.git/description
036208b4a1ab4a235d75c181e685e5a3;Hash not in base;./.git/info/exclude
d7348e2ee9fdfd357a030b3d00943af9;Hash not in base;./.git/ORIG_HEAD
2b817dfc8c4c96d1d6f3621937ba67ec;Hash not in base;./.git/COMMIT_EDITMSG
3ee719dd31718a20f911c7161d1fae50;Hash not in base;./.git/config
c11d568ae959300ce4d4b684753b02e6;Hash not in base;./.git/objects/41/f1613c2602de0ea81e91debe3ac02d7e6a74f7
332bda3de706cb74d6ca4200aad15325;Hash not in base;./.git/objects/67/eda151633f117b2377f1ec1a7736a111df4376
63cad9d3faa14cdafc978db1ab0b8397;Hash not in base;./.git/objects/67/a8f7ce5b1924e0d5d6428e9b1c2fce58623b82
56bdc57eb9345770cc8ae0402c144ff5;Hash not in base;./.git/objects/30/a16d91661263e974e22b0a6bf10c9189d3dd76
1f9f098a128bff1253f57f15f3bbbf1e;Hash not in base;./.git/objects/30/2b1eaa66cb4a774b2ab254a0d61e7a235243f8
0fed836bf0164b94e5fea6778d1eec7f;Hash not in base;./.git/objects/0c/fbf08886fca9a91cb753ec8734c84fcbe52c9f
1dbc7262d99cb9bcff7b5370128ef464;Hash not in base;./.git/objects/20/f0fda96222762de2481418c9105ee84228525c
1a9a20ac82b78dc937cd579bdd1eb845;Hash not in base;./.git/objects/6c/f75a07775ab840127536e98019e47563ae966f
3c4260905f2fd885680e2ebb65376a71;Hash not in base;./.git/objects/42/ad40436170c56f57f50239ddd81be951bffe02
063274fead588eadd0429e9b4427568b;Hash not in base;./build/app/CMakeFiles/app.dir/main.cpp.o
5d894db84a8018d244e7135abfc863b5;Hash not in base;./.git/objects/92/6514c2ca28d6b3b061428dcd0b13956dae7029
b0d8d07daa53a9e1812b33849f938e08;Hash not in base;./.git/objects/b2/0308651b47c6c827cb7fa0647d85fe95690e0c
aa3a27616cbfecef70e9e3a788a9610f;Hash not in base;./.git/objects/cb/a9331e30709861b420cf024b8c42c82c1fbb10
e218427e8af971c67fef61b0aae6d0f0;Hash not in base;./.git/objects/4d/7077d587845840b4ad8fef372a875128d5aeda
0a6c021276aa08b422483ab0a32e27b6;Hash not in base;./.git/objects/4d/f5b08eba80e791df3b7d925f9eab530480b54b
e8625a50c572f958b89caabe427fc652;Hash not in base;./.git/objects/41/767c253dccae88cfa1889b69c0d4cf960f19ff
5d142495ce347f9e35ebabf7c7b5e6f8;Hash not in base;./.git/objects/0f/7904f7b041677d551f187fcdaa9c8fca6e39e6
8c56f2d628ef72e3c443c0d99c0fd06c;Hash not in base;./.git/objects/86/806e282f42f2ccdc028c84ac82aa1c9ca4ee65
d28a17facab61f4236eebc505241e343;Hash not in base;./.git/objects/86/fc0eee7ed21c33743867a74e7bb778952d24e2
c095229c648b2d6f3a65004054513497;Hash not in base;./.git/objects/0b/6014fdbacc231a191274ee47757ff93451d119
0446cc7922419c318bf196448ba9147b;Hash not in base;./.git/objects/0b/4f4fb8aab8bbe90496425725eee04d29885cb1
25437bed9a0b344f56aff6b6fc07ca65;Hash not in base;./.git/objects/27/6b27dd9089815d3d27a35352aaf06f70f7cecd
7015555e8ea2592d104a40d31b3dd33c;Hash not in base;./.git/objects/27/8370207615e3f6d7f046a8167bb6264caca24a
36fa02d1a632caabea2db11ca84584d4;Hash not in base;./.git/objects/27/5dd438fb7d54b8de3a30b2e5376dab68424064
348a466efff0303f42c7699de61e4da7;Hash not in base;./.git/objects/f0/1fe201d5a991d5b6139f76b6a12563cfb30587
8d8179c92dbc32f9251f4777c2bdd9d9;Hash not in base;./.git/objects/f0/9c38fe8c5f37abe12cc7b33074b79e9efe2a6b
eeb2a047f05d960a0dfc7d764f68e7e3;Hash not in base;./.git/objects/d1/517e973eb669477f92441025cbdc6c80900fe9
a3bd2a4510e63896f4610a285a3794b6;Hash not in base;./.git/objects/ac/beb6f70622ad027b4db549a457469a866af2fc
95ee073fb934135055bc51739bb355eb;Hash not in base;./.git/objects/ac/a84c55846b1fbe09547821e7910654d0a851ec
e03d3dfa6e39faf88d33d605b180b747;Hash not in base;./.git/objects/ac/29e4dd73acc31c5a3bc69e4853ecb3462df2f6
15ee310801aeec0f1d1abbb36edfdb69;Hash not in base;./.git/objects/ac/4786d199610a0646dc8938ececa39d1e7b35ba
84d580f8bf77121a32c5d1794eca1e1c;Hash not in base;./.git/objects/5f/99b4bbb80aba2612969c8587b925bad4000e95
7dfa57af0fa857b81dfe1559ad6de47c;Hash not in base;./.git/objects/5f/6adfcf5f8e9588750012f8b8a34ec4c6c329f5
e0696322efc9b40f31e7d320eea8854a;Hash not in base;./.git/objects/bf/4d6c8d6178d0104bd4542900ed216ba602b658
b3d8d2dc0cf03340a5eb7d5262becd98;Hash not in base;./.git/objects/ea/8ecb29b626c5156068272f988f0b08f5eb47fd
0839e2f8ed8e263ea2481692bf1962f9;Hash not in base;./.git/objects/ef/c44776d939dbbd41f033bd396fd3216f7e1568
8150d483d27490c99f3941d8bd36aa23;Hash not in base;./.git/objects/ce/cfeeb7f97a1fe65388a7ed80066934cc5d5b7d
0eb8333cda525005a9edf8a2699a60ea;Hash not in base;./.git/objects/ce/ed29c49b697da89444a82986acb279035fdee4
b8315334439d9c33e238eae5ba6dbd0b;Hash not in base;./.git/objects/05/6a6ec84d7b7bc0511d7738bad00632ab4fe1a0
55e5368e19d2c98a9b98271d139888ab;Hash not in base;./.git/objects/32/b5a24371e3b74fdba3ce685d0db529f5b32710
0ad726268926450fa8ce98bacecbe74c;Hash not in base;./.git/objects/80/1b2d52b28f7c859bf848be966768b627f6da19
551c99087e7645a05aa81efd9f5e1f66;Hash not in base;./.git/objects/80/64d8e42ffe53adafbdf3579512c6b60e184842
53d21420af9829cee24e46fd7adacfb3;Hash not in base;./.git/objects/ff/8fded0cb7a4354370d5fbe48dfded785328797
e5fa4ff2bef186ee2537256778f03436;Hash not in base;./.git/objects/ff/f3a6803d832a51239721a5e118c8a8878ed8b6
2cde474be42980dfb74759c655310857;Hash not in base;./.git/objects/ff/fa99aafa6f8458cf0b3f1936b0c97636b72f2f
c46358c40ff0a990190408440bd3e02c;Hash not in base;./.git/objects/3f/a80a65cf07e1ac195c3a82444953600873cb28
7cf02990ea0b60b9c3852a441e389217;Hash not in base;./.git/objects/3f/ef8b33f7e2d1cf9dd58fd2e3b43f50694c1bb3
3f946015f5a15e9da383d2515bcb258f;Hash not in base;./.git/objects/3f/071b34f140e2782f2628234479edf2aab0a428
8af1e5884d8f0e155b23ad5a6e78f409;Hash not in base;./.git/objects/b5/cbe5482e5cc311560948774f4db07c7cf5e3ea
79c5f2d1bca67cee153b66439925d167;Hash not in base;./.git/objects/77/29dc97ab3cbfb1ce817ea774f46c9e2b629747
5dc74d9232664f013ecff967d3b57475;Hash not in base;./.git/objects/77/f7868834fe2c4cbb9af24df5fa93c9ce1ad293
cb36972905b4a428d19237ec5996f417;Hash not in base;./.git/objects/90/1eb3455b0a54fcf093d7c7c38314ed4bc13719
57ff8dc1fa26844e4a2e92796ae6bae5;Hash not in base;./.git/objects/db/d3a7280e51a0071d898865737e2b5597e77503
0710028fd2c698272131afa12c7910f4;Hash not in base;./.git/objects/d0/3409fad7c318df32a58872ae8a2aca3708bf29
a7521436ee5db71130a551507f27c862;Hash not in base;./.git/objects/d0/4450ac1563961bb09d67f7331226901dd4f348
278e8c27ae2a26198337a29e6eb781a8;Hash not in base;./.git/objects/d0/936885ae1d81d31a873a21c7e6f34b8c62d578
42ba82130c4c7a1f11b0d549ab62f10e;Hash not in base;./.git/objects/1f/15358d5cc4bd0fb58a5a4a75b6a160c896fcdb
6f1337c66c6652de160004c5f85dc800;Hash not in base;./.git/objects/1f/8d4865b049ed55d26feaa24b5a63f57fd738d6
561c8d5ad52fc876790e1fc9fc2aea48;Hash not in base;./.git/objects/2c/048f16d07d42d71397406ec9ba3f9d214864d5
e1a8ec1ccf828d40f1310f4a2646421c;Hash not in base;./.git/objects/97/c2f606a9cf1200f54b7f6688b89a4c5c1e374d
61761e92b91381c0abd28a657fbb3f3d;Hash not in base;./.git/objects/97/e8479d791f4ffa95f0f93519442fb51e11ed70
85438fbeafaf13d91b30433829b4aa7f;Hash not in base;./.git/objects/97/f554ed5505850610c25e719c15df5193d7d0fd
1e0fe7f01574e1ae51c04683211ca212;Hash not in base;./.git/objects/97/eaf43ee5d9364d3ccb12bce5a8a03c671ecae2
b8f991aa9dd345a1f5d33bd4c9ab99ea;Hash not in base;./.git/objects/50/5c0caa1aa3889bbca9582eb45b9dae5e8c807f
8ba3ed32d671a5a863346c2dd92ba8e7;Hash not in base;./.git/objects/92/5373f3deca454f37c9cd0a9bacb2f35df3c20f
765234d2b6d8ed1e4ae38ecb6574b995;Hash not in base;./.git/objects/50/b4000f5648c44f39b7f4fddf08bb51b2c5b7c3
a36c2317a6c53a4b867761913352fae0;Hash not in base;./.git/objects/eb/df3a5cf84d1bc90d91f5d9f3773dada9d7d16b
840bf8ad9e726b34f776694d272c83fc;Hash not in base;./.git/objects/eb/16fd3029b4d50322b765c36ea9213582da390f
04aff5b83ed1c2b702b256995795f5a7;Hash not in base;./.git/objects/eb/52e19a9c965d5834cc8291929bb54659656951
3525afa1e3baaacac381711af2489e7d;Hash not in base;./.git/objects/eb/381f917ed2544a6760a489fa4a822631b36732
63a7e641e0ff813a117ecac8cabf27e0;Hash not in base;./.git/objects/b4/67204dfbd0f8c2b120dfc9eaff310259faf299
f99b5291c729ccd1f631d5956d76a8ce;Hash not in base;./.git/objects/2a/07c07002b4d6915e4b1bbfdcf9e65ad6c50d35
c915176b658a92e712196656d29acc65;Hash not in base;./.git/objects/2a/a848cb098d411f366ad4a6934072b51a4c0ff8
bfbf0a6d988917d835c054a10faf3332;Hash not in base;./.git/objects/ab/adeb0c3abaa81d622026fcd3ae096d03dd29b7
29630bda6025755e9e838ab39425e928;Hash not in base;./.git/objects/03/d65f4c424fe6b33a11ea5191538a33e675fdb3
6c683028f53e7a0dbf904eb23665522d;Hash not in base;./.git/objects/c4/fbea92e8026ef03b2a95e4eac2ea38c0083f31
a5dfd0e84c8378375c17f440799c485b;Hash not in base;./.git/objects/f4/9b334798189a15a0474fea9d1106125fb049c1
72a5895ceccc006113fd18eee2db4aaf;Hash not in base;./.git/objects/f4/2a64b331bded04287f0a0c90c22f4b073c82c9
6358037a0e1d38843dabf05245d77755;Hash not in base;./.git/objects/35/503722ed46154ed83f9c3d9baa38b2ec8f76ba
892ec8d058859ad8e153839b0d9e6718;Hash not in base;./.git/objects/35/861921b2add2a2d921d3c670036126bae83326
3312ecb1cbca07b2ce89b4747a875818;Hash not in base;./.git/objects/35/d0a754abb7387799af9d9430b52d994980d063
56cd346229d772b516682afcf7d4d870;Hash not in base;./.git/objects/35/7a6c9fdba51be8acd4eddc36987f25d1199ce7
5f64dba07c8073bf17744b8450a95adf;Hash not in base;./.git/objects/ec/6376c8c6366b07b5aa839785c2fb8b8e81a5b0
2490ea2012974444b49170e9b5e6c919;Hash not in base;./.git/objects/66/18a84360ad8ae46f441d368cf037f3dd340a04
f928c14ad594be77183557d568ba2ca8;Hash not in base;./.git/objects/66/8083406b9c1d0656ad23877d6499f784ec9bd5
6cf6e2323e06dd1cf21dfca650bf1bd6;Hash not in base;./.git/objects/df/c7e1976e88ef4c9530dc0d868c0dfc9b2d982a
c87060c6b6af5e67e3163583e8ce91a8;Hash not in base;./.git/objects/35/0054c8983cf86c3ac3a0f167feae7d83bb26e2
864aaa30ce03d247a4c9d8f9fde0e114;Hash not in base;./.git/objects/b6/adeb6eb44dcf7e7a224961ba3dcc145ad26b69
164cc5886928d71348ab1476f538c488;Hash not in base;./.git/objects/73/16e771665f2457a06f4511159caafe3eafd94d
460c168ac3cac7c8111ceee988844081;Hash not in base;./.git/objects/73/70a9c7df5335bc3b0a741b451b8193b70d8775
23f9deb1baaed72b22522fba2225d025;Hash not in base;./.git/objects/73/6b22002ff03756417d9aed655eb19b06faabed
ad2e7f1efd8194bb48b30158008960aa;Hash not in base;./.git/objects/73/7f6a192a7cf8c04b77dd0033038f5402c57b33
23ecf33c6e03e264d97e4cd684b39db2;Hash not in base;./.git/objects/aa/f4eeec2d91c65f0caf9d5382357a09f2c14978
7034e7244207647f739cb0aa2364fd40;Hash not in base;./.git/objects/4b/bd3afaec5faef600f3668cf76b9b6ca35267c3
8f7314e4c3f635493176397a3e2698be;Hash not in base;./.git/objects/4b/40a8395523ccea6ecfe978290a0a37bd79e749
1d0e89d53a820dc1437bdc41a84342d6;Hash not in base;./.git/objects/ee/a0635cb8177b46f56cbcf31cb5fc920d2d6407
b2b9eaba8da51e0f4017e19ea27b70ad;Hash not in base;./.git/objects/ee/0afbfc045097eb9826da2424e71e15df8e5214
d8ad7754cff619b68a2a5e40613041c2;Hash not in base;./.git/objects/b6/c1885c9151a7aaa86f37e85fc13aeccc529a41
852b509ead57cabdfd373631c1180451;Hash not in base;./.git/objects/ee/bafdc8f3050cdc759df8fef5e042b43048ed4b
ef2e0600164509ce676d1e965828612a;Hash not in base;./.git/objects/14/8bd94b9bc503669a46db155cffb1497082131a
8c5d426dd6fdfc25eb07cc71e966e44e;Hash not in base;./.git/objects/2f/95b29ba14ef15a0d87f40dab96e21ef96208f5
f05c6b001b0feefe4eedea587ea63ff7;Hash not in base;./.git/objects/2f/8374d84284a09438ab86b0dd8b1b6c37a1c076
ddde1988c386f418f371c61a7f00965e;Hash not in base;./.git/objects/c8/53a2bc0c5786b445ac2acfa4ecf74c31293844
0aee5904153ae45abd4a0353374e7ce2;Hash not in base;./.git/objects/c8/cdea83c968d3648a365b097f8ebcedb33425da
633326c9cafd4f376c19cb8f7bd631c7;Hash not in base;./.git/objects/c9/84b0a5952e8afefd6cd77c217810ed428922fb
7df8fcb6b43a0a58dfe854020a5db3b4;Hash not in base;./.git/objects/e7/73784e9dcc944b077111fb9f27ee015c51636e
5c6545d25cf9f9002fb6647a27a72b72;Hash not in base;./.git/objects/e7/9ed724b11d047402b3baf1699bd1cda855bce2
7dc7b8958d5b5749fae485fab2e55b85;Hash not in base;./.git/objects/bc/73b46a46e79645b8fcb75565cf3ffcc6660374
da07827cdbb87ab69271c64c555a9eb2;Hash not in base;./.git/objects/56/5f700a0a8d8dae3c95cd7c160a97174ee62c3d
18f4160ea8f2777c36009d8c95ad8c23;Hash not in base;./.git/objects/94/4038aad93b90b0aa255f4bdf06d5e6ef1aaf0a
a358c7a58ec570a204e8ced07c2b2605;Hash not in base;./.git/objects/07/a21bb13f660cd1290c84890a3f7d7cb5298433
4a62a159014ad85ae2e38af8bd40069e;Hash not in base;./.git/objects/c5/fee842b9784d92d31a7e9b6a0191f66862422d
476279e33c3b62fe4c8e03640ccd134e;Hash not in base;./.git/objects/28/45bdbbcf9f488075b09a00eb6b4125e82b4f1f
10a1d84947428eedc20b454b2a294f68;Hash not in base;./.git/objects/87/6b9b0e4406f4bbb7c0b8cfc9895c3920bc1846
81207dc92e9190151a6aee78e7a43b92;Hash not in base;./.git/objects/4a/6ef6ca9219ca96f70a22185b762badb3eb6ebd
a14e1f74f918ac831854a441241f4b1d;Hash not in base;./.git/objects/1a/9aae2173405b61a947c27e1c7ffa5edf408b65
ac66f9b8f615c79aa3b870ba6f69c6e3;Hash not in base;./.git/objects/49/11504f09aab2fbd3c5899552595f1a24bbf459
cfeb1a2e4bc9b68a0e7e5853ad85a89c;Hash not in base;./.git/objects/1e/1548f32f66e261fd4869bdd0e306c5933a255c
9742965dae4a62a6b9984701ab3318bc;Hash not in base;./.git/objects/1e/a3d53d5588bf84f80de18bab5c953a5be3ce6d
bb8ce0be8b1528e1ebe5467d738270d9;Hash not in base;./.git/objects/fc/238163737156ea83507fee5a15e5eeee649515
412e57dfc1e575431a5fead2afd1b898;Hash not in base;./.git/objects/fc/4dc14d0b5780bdb61694ddb667811ae2dd4698
f29e612587a427ba7e22a64695a282f0;Hash not in base;./.git/objects/be/4ea281115ab62c392f42914513ef1b07bc3b46
2a55bd806d5e99155452e93481c7c1ac;Hash not in base;./.git/objects/bb/91513ed90e7b303653c873c1aa49e20686779b
9be9640d00f165c31b28423e60dc67b4;Hash not in base;./.git/objects/a3/3d1e14106cf1c8acc112eb08b234d3e94c0361
0fc8222be33ca6e6be6ac5221f4125b4;Hash not in base;./.git/objects/a3/975c47be5305c5fc2dbae9d159e2d51bdcd169
016f8d906315c4ed1c6c5f39c9713fbd;Hash not in base;./.git/objects/62/5708b18f97b34d5c28a8d4117303d5ea012b6d
77639c436f579b487744f3b6289e67fe;Hash not in base;./.git/objects/62/6fcf6ed0828423467eebaa96b67d7662c6a077
0d85e4bda213d625bbd0299b95525f3b;Hash not in base;./.git/objects/34/a97b06bc54f87b20c6f01bb9de7acc54e81a3a
191e0f388da333d278d3450fe438bf6f;Hash not in base;./.git/objects/21/420a9d56f7f7c1b9db6c9276ee7fffa0065d5d
d4c0a3b8f127bb48d7e768c2a24a47f1;Hash not in base;./.git/objects/da/8e2f5650df03ab56d6bc84a40bff0608e15694
84f685a53b98f77fa8b49128e42bc6a4;Hash not in base;./.git/objects/1b/e46f3a31d8332c309d236e03e09124b85e6772
2b5fe67b2fbb1862b4b60d9f24cb4a4e;Hash not in base;./.git/objects/c2/fac874c107c61429f8e51c934f64ec90efbf7c
43a9e094e8ce3cb38c87ce82fb1a10be;Png File;./tests/data/data.png
9040ab8f134edc7cbdf9484f289402ba;Hash not in base;./.git/objects/64/4d5baa20c2e0041ee3c4b497506654cf4c47b1
8fbdd61e7163e217221d8691d9f7b482;Hash not in base;./.git/objects/d8/3444cedf4cadc9802ee87109d2ceb0f4c48233
f795983855466c15f528979494f3d1c4;Hash not in base;./.git/objects/01/e9e8230bcd7357377378f126b0477462f45b1c
4d2db5b820fe603bef5e80dba5dfe379;Hash not in base;./.git/objects/01/3c6bf3785a857645f9413278133cb96acdb106
7540256265e9d43307a17dde2ab7e3ea;Hash not in base;./.git/objects/6f/7da752b83deffab78c197b90822d0d47e4fc6f
bb3a9169385a6f2b25a42f5618d5c6fc;Hash not in base;./.git/objects/46/14089837fe9118f4335206c0b5ee313fbb18a7
432fc72df8f69943a826094c4256f0ac;Hash not in base;./.git/objects/46/abea38f4e9d8614b5e96ec5f2911a9dfa8ab07
7ac1e9ae323c1ae6deb939f7ba251e32;Hash not in base;./.git/objects/ca/ed15e49f03c34b0b6e9a48efef3a416f610ddd
2f26bd912dc09b5139c140fba5d071fa;Hash not in base;./.git/objects/46/7d2d655c82e76bf68b4ca3321267409cee752b
f5d9676f4436c7393e541b2fe50513a6;Hash not in base;./.git/objects/ca/b5dac595f8ae4187bc877fe6340e5d3d5ac23c
2ed85288b374170120316fe5a08c6f4f;Hash not in base;./.git/objects/37/cf002bba4096162bf9c32d0b4174357c541b29
61e86fbd7759a255020e5a265cfd844b;Hash not in base;./.git/objects/43/6ca0867965a1c59b93783135c199ed950c00af
c205da07e6c9defbe59e12a02f45fde8;Hash not in base;./.git/objects/09/17bb35e937f15e2a3ec421db9764e6ce41848c
8c6322a6768135eea9d3a05c29acc3ee;Hash not in base;./.git/objects/70/5f1422dcae45bba149ee827005b7971be9dbae
9fde4598f15210130893e4697f6067c9;Hash not in base;./.git/objects/43/8a0253fc0fda2383ed173c4cd9e615462ccb00
72defd6dc24cfc2a2937204898aa2ba8;Hash not in base;./.git/objects/4f/7cd0394e2ac4f224f95c300387f95d40152e8a
2c5f0136331ccbcaaa132ebde47fe198;Hash not in base;./.git/objects/9a/6fab43741fe406ef770387ed5258f3340aee8e
2a083f5921671861b46a94d2c3c0478e;Hash not in base;./.git/objects/33/69a36759ca7ba71d5c82bab86733df7efb4641
be91684028e3df57d9c578097c2ea92d;Hash not in base;./.git/objects/33/ae0939c050f325cac12f62a84fbbcf86e1fc4b
aa784870a4e3ae9f6504f7fa805499d3;Hash not in base;./.git/objects/f5/666fc339223b0331600c3074692c6e579b2a3e
f9e0ae965fc0aba3e2882ff599679ff1;Hash not in base;./.git/objects/50/e6fcdc9d0ebdc37a12d885677751455ebb70e1
76c7d969e6b13805e94cf229b916e156;Hash not in base;./.git/objects/52/c2e4d19aab288100c2c3f30f1bfea49b6f322d
78977b01b5fa0e2f86f5e07abd429c71;Hash not in base;./.git/objects/f5/8d3abd29e77c6cc5b5c19f691c39379792bb0f
3921a619ac980caa2ac126ded575d319;Hash not in base;./.git/objects/52/946ac3133d022d2f4c3e9a54b8409fb166e75a
2bf17061be3e48e886b505001b5f174b;Hash not in base;./.git/objects/1d/0b6735a7e5901828aa2f4ab8e141f258a34ec7
54ab0b55a89ab6c57d185a52ebd868fc;Hash not in base;./.git/objects/8b/f2c1e47f39f5f2899d790122fa41edd74f44c7
b2d8b9ad7b67d3cd2ee782a8985a4297;Hash not in base;./.git/objects/9c/9c90eaffe6bb0799f322938350b76c08c676dc
85b197e19a60b5c5645fc62f819305d3;Hash not in base;./.git/objects/0e/15dcc54587db9f9b1672e8c73d0abc0ec55e4d
dd00d782f422aa494ba923291b2469e4;Hash not in base;./.git/objects/a7/d5d181323afb77f6d977a58296a08560912588
ba61f57f7e1677b42f2fee926baa1fdf;Hash not in base;./.git/objects/9d/a719fc6170dad5623cfcae45ff9b62bf558c2f
0a5f1127e6223a958a047c598ee86ad3;Hash not in base;./.git/objects/63/f81f8ef62d7951d532cc7d950e2246cefccc0d
ac68983a0fddbde8d1d5e43916c0a54b;Hash not in base;./.git/objects/0e/11999ef6a2fb1a31de1688f54dd79b80bacf87
5fea0398bfd27e5bf0228d4c0fc51d68;Hash not in base;./.git/objects/29/e7351844a389448b6dc6381d97ecff52325804
d5ad44bcd15fa650aa5d8488fd73829f;Hash not in base;./.git/objects/29/f9340372792085929a0d204aab6c44b2c3bcac
b074e8a629ae9bb1ee7bb2501f8a6585;Hash not in base;./.git/objects/83/e7b6c7025058916bc8cde4f1a862360d618548
c470fab1a6c944883d0a8119a6712221;Hash not in base;./.git/objects/a1/85a4f6f4b3cc9d3d37349b92b43a47c7777d38
ba8c2f50186ab4f0cded21e23435f56a;Hash not in base;./.git/objects/51/591395c775c8a62f5f4c2147cc14b9ddfc19d5
84e26c57ab3cb26d89eebbf75c61bdcc;Hash not in base;./.git/objects/83/1d24bbb4cef45fb129226d78fb5775d5013593
3887d96371bb97c52b2f5e8c334f6628;Hash not in base;./.git/objects/14/e09d7ac7117e16a6ddcbe94353f72766cb9306
fb60c7108e544c86e0c46037dc12b3a1;Hash not in base;./.git/objects/51/3c0fd8f224b9323b58fef2ce5898cafbc4cf95
681dcc96e3e8ec6623bcc78d24786099;Hash not in base;./.git/objects/cd/59d3fce913cdc151b491dad2e47f5868ce649a
db9f3a129da897079ddb0e1ee6ed833d;Hash not in base;./.git/objects/6e/d13bde4a2b0ab388e6ae8947292ad86b2fdad2
8d06ea0697f163793bc7fab40f6cc003;Hash not in base;./.git/objects/c3/ed82a1eedb5a3d135f0caf508e209b5a8a2168
e39d8fa0e75323ed3cc6aa7cab64e618;Hash not in base;./.git/objects/c3/42097ea5e898ce6b15357412ae722774323dbf
43785130a8d55eb292b73ea06552d778;Hash not in base;./.git/objects/d6/244af8c33236ea3c54cb45e2488cc68dd459c2
7c90ffe82a6788078e39fd44af3b5ce0;Hash not in base;./.git/objects/8f/cd3ec0d1a4504bfa58694352cc337bbe7efa84
9e53e8e75f64ded8de98cad832fe4f9d;Hash not in base;./.git/objects/57/ba56125de7e0e5fcc2ed9fa0cd7ea23582ca46
22338260145f4fec00d21542dba6d9b7;Hash not in base;./.git/objects/8e/c6362af1af1ddd82eede6b95ff7d29336f941f
d89e500167003df4323b4c611ebf0fef;Hash not in base;./.git/objects/8e/869e8d53c99aedb6b95ae9d76d5f4e0a00287b
6dca2b1006666f7643042f737cafd3a3;Hash not in base;./.git/objects/5c/a17b98abc9018ba27e79f18b70208f99457057
969cce23ca7056b738ab0036c71fe112;Hash not in base;./.git/objects/5c/f225b3f57182a765c4ef2c5c87e5cce1001a56
3261d141c63370ba4e0fca0a1e29d2ec;Hash not in base;./.git/objects/5c/bd3e30e021f6162adcac3bde626dfa60f75b64
7c2f3ee41d2259d890b8911cb222767c;Hash not in base;./.git/objects/ae/3b7278d62429a781d7c0fd1fc9ec75367a36f0
a2e2d69c14740c7b69267e5eb7d1981f;Hash not in base;./.git/objects/ae/bc1d8e5fa10d79ad2faf2070c1b1c66b3484c7
546476560165caee56d55bb56388b1fb;Hash not in base;./.git/objects/ae/dca630cd4e065259ca98a7733d9d6fdd561db8
261523f599d6dabfa46d70e73906025f;Hash not in base;./.git/objects/15/e76c43f50cda6a391ec633f9ed37f233b545d1
0cfee1ef0a45216b9f5192da52f115d7;Hash not in base;./.git/objects/d9/2ac06492eabac2d449b8d62cdc2c26728244d6
82478b0357e8fe440e7e0afe60da8a19;Hash not in base;./.git/objects/d9/7920e71ca4b1e4998fcdd2225d180134f4b659
2faa36b5e61e7c9e01b4a949d7598b8d;Hash not in base;./.git/objects/65/2dfa1f1f1f0a7df15f05dcfb3f50afed13ebd5
eabe18e4221e1a0e390b0bd5f572b1c6;Hash not in base;./.git/objects/65/d9c540639c9a028c97d16ed755e1d06b0ad457
59b59ebe86aca112870a6f7e235f8b59;Hash not in base;./.git/objects/a9/2c701cf16463fe2399c80557ac9d30e2ec02d3
c4b256258fa7dce95a7433ca6b8c2bda;Hash not in base;./.git/objects/39/df5644d783e8a3240a082dd44f31b065b08530
6b5e955b58b78ee058281a08e7cbaf5a;Hash not in base;./.git/objects/f7/6711f494d067728ce6189b3d1ddc724db509a6
5f5f5a75ca19b4af4c414745ad921d4c;Hash not in base;./.git/objects/f7/f4360a28fdabe7a91eec342d5f0dbce00c1867
e28b4df4c7cb39eb983c327170db729b;Hash not in base;./.git/objects/88/ebb111818cef6eb13372e938217434b0930619
e961962ce088497f5f61b249976542a3;Hash not in base;./.git/objects/76/dae660b0861ff1712f11cc2ea13b886609c9f5
43a784b7da20bf005fe7d19e2b393165;Hash not in base;./.git/objects/76/d44a907107b9e3e896b8d9d3f674b5a86154c9
9b38001ddee9bcf3e995fbbbd7c42d9a;Hash not in base;./.git/objects/76/72e8a94b8e4aea5c3b35017b80d1f000dd77bf
4c9c4ed43b323611e362557d273b3137;Hash not in base;./.git/objects/58/9fe13a9fbc6b53b469db323dc7a29a2154aeb9
7cccc48ba454ca87193b3ab9cb9453f7;Hash not in base;./.git/objects/8b/9a7da0c0d493ab959dbb228a99eb53a5a8c20e
87c6f101b42a74a7a56b363848984432;Hash not in base;./.git/objects/ed/d530cc3e9ce82c6c154c7fc458220a28fa2bd5
e02702083c3b22b8583168389b4e6a32;Hash not in base;./.git/objects/04/484446c41eedf41c012c124de4a8299794f0fe
0fbb9af04e82691c87e2f1db043d89b2;Hash not in base;./.git/objects/99/73e7a9599ed383ff89b22428338099571fba58
d90e48e11aa908314105e26b3e0dc101;Hash not in base;./.git/objects/de/56abb0d6d1f915674787f502f06d046c96469f
9e3716976d54a97207738bc1e28ffc79;Hash not in base;./.git/objects/55/c4659af4fce858e34bd1735a0bc18a70d8beaf
498c879e26b6ac4d08a7c58a5421a3c8;Hash not in base;./.git/objects/55/d504e61703f2a0c5ce669495454f25982b4776
581a8ccd5e0e8596dd1f835fbcc608bc;Hash not in base;./.git/objects/16/0fdf30c1bfd302a28f7a44d11d3116e7fc3885
11481c66306127a2412b60d537dc5944;Hash not in base;./.git/objects/f9/6600acc49db6093bcf9fcee2a4749d45a0f02c
942f1b0bf1a77139adb2f61fdffd0467;Hash not in base;./.git/objects/pack/pack-785395652cc19b69ad367c9a9d9491b7df1e19ba.pack
e4491a063d65b121d082fbbc71d51b14;Hash not in base;./.git/objects/pack/pack-785395652cc19b69ad367c9a9d9491b7df1e19ba.idx
34e2c234d20be24c8ed6fce6f6c41d41;Hash not in base;./.git/objects/54/bce6928d7e29cf96d2830481a55219b088fab5
229ca01412f5b88bda51ed0ceb55f0c5;Hash not in base;./.git/objects/54/340ad14e5b359442d1c094d238a351bbc4e510
d2159b76e35dcccb408a84775ba7b6dc;Hash not in base;./.git/objects/3b/a58f478f3a333fb67674864a821143479c0455
ce850b70b134a26d84878dba12c9fe58;Hash not in base;./.git/objects/3b/4cad0d446840ae65006f7b157e7c4e46fe7e3d
2eb69da0fef112a0520e482dbc6f7026;Hash not in base;./.git/objects/c7/99173261242571e5c58ed82ea9ad167c93a890
f33dbe21d0efe93d8a98a42d79a31489;Hash not in base;./.git/objects/c7/bb4bff17661fea20f8ccb8e047912a19558da6
e1625b12db883582949e065443a75612;Hash not in base;./build/lib/libgmock.a
0d5c95e0f34fd1fb9b873aeca798a9cd;Hash not in base;./.git/objects/0a/e9c22724a146b511ce5fc68f31223d6dc382d2
202eef5df630ee4c73ae1c78cd0646a7;Hash not in base;./.git/objects/13/a635bb1b1f471aef943e4ab9867b6bd59a4664
7bb39702ff994bbdec79a6110883fae4;Hash not in base;./.git/objects/5d/0e7b8f7e66fe7c95adf40f197302cea893b440
3a9bfb6d1e93496d892240d3dceb28c5;Hash not in base;./.git/objects/98/0d7f040395f6c4a9231e381f45585e81c71b9d
33d271eb329969628485d15d4623265b;Hash not in base;./.git/objects/e6/0fe16d2d504f7917141c0d7e024292a0e85933
c70c34cbeefd40e7c0149b7a0c2c64c2;Hash not in base;./.git/objects/e6/9de29bb2d1d6434b8b29ae775ad8c2e48c5391
40d910c33713c69a0229c3a618ab9fa7;Hash not in base;./.git/objects/61/43c8308ac8aeea362ffc3a68c03ac2a6dadefc
d3e40da0c2ebb6f62cd46afec07e2033;Hash not in base;./.git/objects/8c/5b17ad65b51e182b852946bf124bf48a2d5df8
4ed0ba53ebb361b6a5d25b82ae7fa3d2;Hash not in base;./.git/objects/ba/8317a0efc4ff04bb6635ca97ebe17f5d577808
2a27fab629bfc5685f3b614dab74561f;Hash not in base;./.git/objects/8c/05c99c2fffdf9c50ad3e3b9c1a874f4b16ed6a
b40102dbeb2331381411865cd91b564a;Hash not in base;./.git/objects/ba/e1c0cacc7e9ce30c53fd092250daead8beb2fd
7028c402d355271cbdde0196e0cd8d2f;Hash not in base;./.git/objects/ba/f9efa3192bb9bf28058a57597e8c5dcfcc5d88
c122040c305b082df699a3513109c470;Hash not in base;./.git/objects/8d/4b8ab1e6ea857840da1aa325eb4ebef300bbce
fe0b6aefbc0504fb2bf16f96874f7fd8;Hash not in base;./.git/objects/a8/186038d2479d78239bd92419333f39f295f016
3b3f7026995f884df859c69003635b45;Hash not in base;./.git/objects/a8/c9abdfa8964c1437b98a9dfbc930a19afad244
cc90590da3b670654df040380f52f69b;Hash not in base;./.git/objects/f3/ffdc4c9113252e00e3a2d06c6208573a70ef8e
c518395e8fe550d3f9456646d75aaccb;Hash not in base;./.git/objects/f3/45b73c8eb375389924fe5e45b6f235cd58c770
20212e652d7c98bacf210b3a1f91c2bd;Hash not in base;./.git/objects/9f/553013ec225613b5297bf116a2edac7131e036
4da72b94f8e54b5aac3579d33f9acb6b;Hash not in base;./.git/objects/9f/120841008b13814bdac8de02dd4758bc0c9ace
0e253265ed2ab99070f8b6ee73418d3d;Hash not in base;./.git/objects/9f/cda5a24462db7cfd50425a91a9ed376b56e07d
69af507e2747db33af3df835cfb9a947;Hash not in base;./.git/objects/4e/b37b3f46384cae12ecfc4f8f7f8dc6c47c057a
f0694b72ac01448f1cfdd8423f97f413;Hash not in base;./.git/objects/4e/305dbdd18607a36e42dc36f47177b27ada1c4f
ba30daeae32e29b74d1e0b92986eb881;Hash not in base;./.git/objects/4e/9b4a0e4cdcd66b88e594fbf940044f73087978
0ae46dcdbe80641230d6a15aa5864a30;Hash not in base;./.git/objects/c0/9a46172d650548e44f93524c5154b3a6044a54
773c765cca17c37f70eb5b4f39533166;Hash not in base;./.git/objects/38/d6f12a008e1080123e6eeb06512073f290641c
456dfc6693b5d1719fe8232cda684f7f;Hash not in base;./.git/objects/26/9b6fe20bc84bb24f639f16a3a2b4f5d04f536c
6b23dedf986a3c2efed0a23dbff77527;Hash not in base;./.git/objects/38/fc99a9c166688ecad2fa4895792d8e859749cb
ef5f18ecd8f21c5a7d76963e5eb478e4;Hash not in base;./.git/objects/b7/e99b430b339b53d619fd9567a491a0828fd323
5f12fadc424b7f0b2a88d3b63aa8c210;Hash not in base;./.git/objects/3d/ccd731726d7faa8b29d8d7dba3b981a53ca497
d0b9e7828c4d7fb3e39aaa67a2cdbbd5;Hash not in base;./.git/objects/4c/d732b6d2e9264b0fff10e5d3e3de57694af7fd
e6ab1de557186e5be7fc2ef3ff71dcc9;Hash not in base;./.git/index
cf7dd3ce51958c5f13fece957cc417fb;Hash not in base;./.git/HEAD
0faa9a87513206cd0482e1d18683421c;Hash not in base;./.git/objects/ed/42fecbfb5dc4296af8031ed514c159065cb7dc
6a629ed15d4be9a0a6225290ad0f113a;Hash not in base;./.git/objects/16/dec916fabea081363254e3863e1f7853f2d4e6
cbbdef57719346782fa632be9871067c;Hash not in base;./build/_deps/googletest-build/googletest/CMakeFiles/gtest.dir/src/gtest-all.cc.o
40a55948cce87f53d21a582739cccc74;Hash not in base;./build/bin/tests
e9d8582dedc9cd940755f0839a1f871d;Hash not in base;./build/lib/libgtest.a
56c8e303a4120877fb0bce546c7f5153;Hash not in base;./.git/objects/85/463923ca82cda16bfba3d626e0335ba175c4ac
